d:\documents\canada\cours\ia\travaux\ravenproject\sources\debug\raven.bsc
d:\documents\canada\cours\ia\travaux\ravenproject\sources\debug\script1.res
d:\documents\canada\cours\ia\travaux\ravenproject\sources\debug\vc141.pdb
d:\documents\canada\cours\ia\travaux\ravenproject\sources\debug\vc141.idb
d:\documents\canada\cours\ia\travaux\ravenproject\sources\debug\main.sbr
d:\documents\canada\cours\ia\travaux\ravenproject\sources\debug\main.obj
d:\documents\canada\cours\ia\travaux\ravenproject\sources\debug\main.asm
d:\documents\canada\cours\ia\travaux\ravenproject\sources\debug\windowutils.sbr
d:\documents\canada\cours\ia\travaux\ravenproject\sources\debug\vector2d.sbr
d:\documents\canada\cours\ia\travaux\ravenproject\sources\debug\precisiontimer.sbr
d:\documents\canada\cours\ia\travaux\ravenproject\sources\debug\framecounter.sbr
d:\documents\canada\cours\ia\travaux\ravenproject\sources\debug\debugconsole.sbr
d:\documents\canada\cours\ia\travaux\ravenproject\sources\debug\crudetimer.sbr
d:\documents\canada\cours\ia\travaux\ravenproject\sources\debug\cgdi.sbr
d:\documents\canada\cours\ia\travaux\ravenproject\sources\debug\raven_targetingsystem.sbr
d:\documents\canada\cours\ia\travaux\ravenproject\sources\debug\raven_weaponsystem.sbr
d:\documents\canada\cours\ia\travaux\ravenproject\sources\debug\trigger_weapongiver.sbr
d:\documents\canada\cours\ia\travaux\ravenproject\sources\debug\trigger_soundnotify.sbr
d:\documents\canada\cours\ia\travaux\ravenproject\sources\debug\trigger_healthgiver.sbr
d:\documents\canada\cours\ia\travaux\ravenproject\sources\debug\raven_sensorymemory.sbr
d:\documents\canada\cours\ia\travaux\ravenproject\sources\debug\messagedispatcher.sbr
d:\documents\canada\cours\ia\travaux\ravenproject\sources\debug\raven_steeringbehaviors.sbr
d:\documents\canada\cours\ia\travaux\ravenproject\sources\debug\raven_pathplanner.sbr
d:\documents\canada\cours\ia\travaux\ravenproject\sources\debug\fuzzyset_triangle.sbr
d:\documents\canada\cours\ia\travaux\ravenproject\sources\debug\fuzzyset_singleton.sbr
d:\documents\canada\cours\ia\travaux\ravenproject\sources\debug\fuzzyset_rightshoulder.sbr
d:\documents\canada\cours\ia\travaux\ravenproject\sources\debug\fuzzyset_leftshoulder.sbr
d:\documents\canada\cours\ia\travaux\ravenproject\sources\debug\fuzzyset_leftshoulder.obj
d:\documents\canada\cours\ia\travaux\ravenproject\sources\debug\fuzzyset_leftshoulder.asm
d:\documents\canada\cours\ia\travaux\ravenproject\sources\debug\fuzzyset_rightshoulder.obj
d:\documents\canada\cours\ia\travaux\ravenproject\sources\debug\fuzzyset_rightshoulder.asm
d:\documents\canada\cours\ia\travaux\ravenproject\sources\debug\fuzzyset_singleton.obj
d:\documents\canada\cours\ia\travaux\ravenproject\sources\debug\fuzzyset_singleton.asm
d:\documents\canada\cours\ia\travaux\ravenproject\sources\debug\fuzzyset_triangle.obj
d:\documents\canada\cours\ia\travaux\ravenproject\sources\debug\fuzzyset_triangle.asm
d:\documents\canada\cours\ia\travaux\ravenproject\sources\debug\raven_pathplanner.obj
d:\documents\canada\cours\ia\travaux\ravenproject\sources\debug\raven_pathplanner.asm
d:\documents\canada\cours\ia\travaux\ravenproject\sources\debug\raven_steeringbehaviors.obj
d:\documents\canada\cours\ia\travaux\ravenproject\sources\debug\raven_steeringbehaviors.asm
d:\documents\canada\cours\ia\travaux\ravenproject\sources\debug\messagedispatcher.obj
d:\documents\canada\cours\ia\travaux\ravenproject\sources\debug\messagedispatcher.asm
d:\documents\canada\cours\ia\travaux\ravenproject\sources\debug\raven_sensorymemory.obj
d:\documents\canada\cours\ia\travaux\ravenproject\sources\debug\raven_sensorymemory.asm
d:\documents\canada\cours\ia\travaux\ravenproject\sources\debug\trigger_healthgiver.obj
d:\documents\canada\cours\ia\travaux\ravenproject\sources\debug\trigger_healthgiver.asm
d:\documents\canada\cours\ia\travaux\ravenproject\sources\debug\trigger_soundnotify.obj
d:\documents\canada\cours\ia\travaux\ravenproject\sources\debug\trigger_soundnotify.asm
d:\documents\canada\cours\ia\travaux\ravenproject\sources\debug\trigger_weapongiver.obj
d:\documents\canada\cours\ia\travaux\ravenproject\sources\debug\trigger_weapongiver.asm
d:\documents\canada\cours\ia\travaux\ravenproject\sources\debug\raven_weaponsystem.obj
d:\documents\canada\cours\ia\travaux\ravenproject\sources\debug\raven_weaponsystem.asm
d:\documents\canada\cours\ia\travaux\ravenproject\sources\debug\raven_targetingsystem.obj
d:\documents\canada\cours\ia\travaux\ravenproject\sources\debug\raven_targetingsystem.asm
d:\documents\canada\cours\ia\travaux\ravenproject\sources\debug\cgdi.obj
d:\documents\canada\cours\ia\travaux\ravenproject\sources\debug\cgdi.asm
d:\documents\canada\cours\ia\travaux\ravenproject\sources\debug\crudetimer.obj
d:\documents\canada\cours\ia\travaux\ravenproject\sources\debug\crudetimer.asm
d:\documents\canada\cours\ia\travaux\ravenproject\sources\debug\debugconsole.obj
d:\documents\canada\cours\ia\travaux\ravenproject\sources\debug\debugconsole.asm
d:\documents\canada\cours\ia\travaux\ravenproject\sources\debug\framecounter.obj
d:\documents\canada\cours\ia\travaux\ravenproject\sources\debug\framecounter.asm
d:\documents\canada\cours\ia\travaux\ravenproject\sources\debug\precisiontimer.obj
d:\documents\canada\cours\ia\travaux\ravenproject\sources\debug\precisiontimer.asm
d:\documents\canada\cours\ia\travaux\ravenproject\sources\debug\vector2d.obj
d:\documents\canada\cours\ia\travaux\ravenproject\sources\debug\vector2d.asm
d:\documents\canada\cours\ia\travaux\ravenproject\sources\debug\windowutils.obj
d:\documents\canada\cours\ia\travaux\ravenproject\sources\debug\windowutils.asm
d:\documents\canada\cours\ia\travaux\ravenproject\sources\debug\fuzzyvariable.sbr
d:\documents\canada\cours\ia\travaux\ravenproject\sources\debug\fuzzyoperators.sbr
d:\documents\canada\cours\ia\travaux\ravenproject\sources\debug\fuzzymodule.sbr
d:\documents\canada\cours\ia\travaux\ravenproject\sources\debug\goal_wander.sbr
d:\documents\canada\cours\ia\travaux\ravenproject\sources\debug\goal_traverseedge.sbr
d:\documents\canada\cours\ia\travaux\ravenproject\sources\debug\goal_seektoposition.sbr
d:\documents\canada\cours\ia\travaux\ravenproject\sources\debug\goal_sayphrase.sbr
d:\documents\canada\cours\ia\travaux\ravenproject\sources\debug\goal_dodgesidetoside.sbr
d:\documents\canada\cours\ia\travaux\ravenproject\sources\debug\raven_feature.sbr
d:\documents\canada\cours\ia\travaux\ravenproject\sources\debug\getweapongoal_evaluator.sbr
d:\documents\canada\cours\ia\travaux\ravenproject\sources\debug\gethealthgoal_evaluator.sbr
d:\documents\canada\cours\ia\travaux\ravenproject\sources\debug\exploregoal_evaluator.sbr
d:\documents\canada\cours\ia\travaux\ravenproject\sources\debug\attacktargetgoal_evaluator.sbr
d:\documents\canada\cours\ia\travaux\ravenproject\sources\debug\goal_think.sbr
d:\documents\canada\cours\ia\travaux\ravenproject\sources\debug\goal_negotiatedoor.sbr
d:\documents\canada\cours\ia\travaux\ravenproject\sources\debug\goal_movetoposition.sbr
d:\documents\canada\cours\ia\travaux\ravenproject\sources\debug\goal_hunttarget.sbr
d:\documents\canada\cours\ia\travaux\ravenproject\sources\debug\goal_getitem.sbr
d:\documents\canada\cours\ia\travaux\ravenproject\sources\debug\goal_followpath.sbr
d:\documents\canada\cours\ia\travaux\ravenproject\sources\debug\goal_explore.sbr
d:\documents\canada\cours\ia\travaux\ravenproject\sources\debug\goal_explore.obj
d:\documents\canada\cours\ia\travaux\ravenproject\sources\debug\goal_explore.asm
d:\documents\canada\cours\ia\travaux\ravenproject\sources\debug\goal_followpath.obj
d:\documents\canada\cours\ia\travaux\ravenproject\sources\debug\goal_followpath.asm
d:\documents\canada\cours\ia\travaux\ravenproject\sources\debug\goal_getitem.obj
d:\documents\canada\cours\ia\travaux\ravenproject\sources\debug\goal_getitem.asm
d:\documents\canada\cours\ia\travaux\ravenproject\sources\debug\goal_hunttarget.obj
d:\documents\canada\cours\ia\travaux\ravenproject\sources\debug\goal_hunttarget.asm
d:\documents\canada\cours\ia\travaux\ravenproject\sources\debug\goal_movetoposition.obj
d:\documents\canada\cours\ia\travaux\ravenproject\sources\debug\goal_movetoposition.asm
d:\documents\canada\cours\ia\travaux\ravenproject\sources\debug\goal_negotiatedoor.obj
d:\documents\canada\cours\ia\travaux\ravenproject\sources\debug\goal_negotiatedoor.asm
d:\documents\canada\cours\ia\travaux\ravenproject\sources\debug\goal_think.obj
d:\documents\canada\cours\ia\travaux\ravenproject\sources\debug\goal_think.asm
d:\documents\canada\cours\ia\travaux\ravenproject\sources\debug\attacktargetgoal_evaluator.obj
d:\documents\canada\cours\ia\travaux\ravenproject\sources\debug\attacktargetgoal_evaluator.asm
d:\documents\canada\cours\ia\travaux\ravenproject\sources\debug\exploregoal_evaluator.obj
d:\documents\canada\cours\ia\travaux\ravenproject\sources\debug\exploregoal_evaluator.asm
d:\documents\canada\cours\ia\travaux\ravenproject\sources\debug\gethealthgoal_evaluator.obj
d:\documents\canada\cours\ia\travaux\ravenproject\sources\debug\gethealthgoal_evaluator.asm
d:\documents\canada\cours\ia\travaux\ravenproject\sources\debug\getweapongoal_evaluator.obj
d:\documents\canada\cours\ia\travaux\ravenproject\sources\debug\getweapongoal_evaluator.asm
d:\documents\canada\cours\ia\travaux\ravenproject\sources\debug\raven_feature.obj
d:\documents\canada\cours\ia\travaux\ravenproject\sources\debug\raven_feature.asm
d:\documents\canada\cours\ia\travaux\ravenproject\sources\debug\goal_dodgesidetoside.obj
d:\documents\canada\cours\ia\travaux\ravenproject\sources\debug\goal_dodgesidetoside.asm
d:\documents\canada\cours\ia\travaux\ravenproject\sources\debug\goal_sayphrase.obj
d:\documents\canada\cours\ia\travaux\ravenproject\sources\debug\goal_sayphrase.asm
d:\documents\canada\cours\ia\travaux\ravenproject\sources\debug\goal_seektoposition.obj
d:\documents\canada\cours\ia\travaux\ravenproject\sources\debug\goal_seektoposition.asm
d:\documents\canada\cours\ia\travaux\ravenproject\sources\debug\goal_traverseedge.obj
d:\documents\canada\cours\ia\travaux\ravenproject\sources\debug\goal_traverseedge.asm
d:\documents\canada\cours\ia\travaux\ravenproject\sources\debug\goal_wander.obj
d:\documents\canada\cours\ia\travaux\ravenproject\sources\debug\goal_wander.asm
d:\documents\canada\cours\ia\travaux\ravenproject\sources\debug\fuzzymodule.obj
d:\documents\canada\cours\ia\travaux\ravenproject\sources\debug\fuzzymodule.asm
d:\documents\canada\cours\ia\travaux\ravenproject\sources\debug\fuzzyoperators.obj
d:\documents\canada\cours\ia\travaux\ravenproject\sources\debug\fuzzyoperators.asm
d:\documents\canada\cours\ia\travaux\ravenproject\sources\debug\fuzzyvariable.obj
d:\documents\canada\cours\ia\travaux\ravenproject\sources\debug\fuzzyvariable.asm
d:\documents\canada\cours\ia\travaux\ravenproject\sources\debug\goal_attacktarget.sbr
d:\documents\canada\cours\ia\travaux\ravenproject\sources\debug\goal_adjustrange.sbr
d:\documents\canada\cours\ia\travaux\ravenproject\sources\debug\raven_goal_types.sbr
d:\documents\canada\cours\ia\travaux\ravenproject\sources\debug\raven_useroptions.sbr
d:\documents\canada\cours\ia\travaux\ravenproject\sources\debug\raven_door.sbr
d:\documents\canada\cours\ia\travaux\ravenproject\sources\debug\gravemarkers.sbr
d:\documents\canada\cours\ia\travaux\ravenproject\sources\debug\entitymanager.sbr
d:\documents\canada\cours\ia\travaux\ravenproject\sources\debug\raven_scriptor.sbr
d:\documents\canada\cours\ia\travaux\ravenproject\sources\debug\basegameentity.sbr
d:\documents\canada\cours\ia\travaux\ravenproject\sources\debug\raven_projectile.sbr
d:\documents\canada\cours\ia\travaux\ravenproject\sources\debug\projectile_slug.sbr
d:\documents\canada\cours\ia\travaux\ravenproject\sources\debug\projectile_rocket.sbr
d:\documents\canada\cours\ia\travaux\ravenproject\sources\debug\projectile_pellet.sbr
d:\documents\canada\cours\ia\travaux\ravenproject\sources\debug\projectile_bolt.sbr
d:\documents\canada\cours\ia\travaux\ravenproject\sources\debug\weapon_shotgun.sbr
d:\documents\canada\cours\ia\travaux\ravenproject\sources\debug\weapon_rocketlauncher.sbr
d:\documents\canada\cours\ia\travaux\ravenproject\sources\debug\weapon_railgun.sbr
d:\documents\canada\cours\ia\travaux\ravenproject\sources\debug\weapon_blaster.sbr
d:\documents\canada\cours\ia\travaux\ravenproject\sources\debug\raven_weapon.sbr
d:\documents\canada\cours\ia\travaux\ravenproject\sources\debug\raven_map.sbr
d:\documents\canada\cours\ia\travaux\ravenproject\sources\debug\raven_map.obj
d:\documents\canada\cours\ia\travaux\ravenproject\sources\debug\raven_map.asm
d:\documents\canada\cours\ia\travaux\ravenproject\sources\debug\raven_weapon.obj
d:\documents\canada\cours\ia\travaux\ravenproject\sources\debug\raven_weapon.asm
d:\documents\canada\cours\ia\travaux\ravenproject\sources\debug\weapon_blaster.obj
d:\documents\canada\cours\ia\travaux\ravenproject\sources\debug\weapon_blaster.asm
d:\documents\canada\cours\ia\travaux\ravenproject\sources\debug\weapon_railgun.obj
d:\documents\canada\cours\ia\travaux\ravenproject\sources\debug\weapon_railgun.asm
d:\documents\canada\cours\ia\travaux\ravenproject\sources\debug\weapon_rocketlauncher.obj
d:\documents\canada\cours\ia\travaux\ravenproject\sources\debug\weapon_rocketlauncher.asm
d:\documents\canada\cours\ia\travaux\ravenproject\sources\debug\weapon_shotgun.obj
d:\documents\canada\cours\ia\travaux\ravenproject\sources\debug\weapon_shotgun.asm
d:\documents\canada\cours\ia\travaux\ravenproject\sources\debug\projectile_bolt.obj
d:\documents\canada\cours\ia\travaux\ravenproject\sources\debug\projectile_bolt.asm
d:\documents\canada\cours\ia\travaux\ravenproject\sources\debug\projectile_pellet.obj
d:\documents\canada\cours\ia\travaux\ravenproject\sources\debug\projectile_pellet.asm
d:\documents\canada\cours\ia\travaux\ravenproject\sources\debug\projectile_rocket.obj
d:\documents\canada\cours\ia\travaux\ravenproject\sources\debug\projectile_rocket.asm
d:\documents\canada\cours\ia\travaux\ravenproject\sources\debug\projectile_slug.obj
d:\documents\canada\cours\ia\travaux\ravenproject\sources\debug\projectile_slug.asm
d:\documents\canada\cours\ia\travaux\ravenproject\sources\debug\raven_projectile.obj
d:\documents\canada\cours\ia\travaux\ravenproject\sources\debug\raven_projectile.asm
d:\documents\canada\cours\ia\travaux\ravenproject\sources\debug\basegameentity.obj
d:\documents\canada\cours\ia\travaux\ravenproject\sources\debug\basegameentity.asm
d:\documents\canada\cours\ia\travaux\ravenproject\sources\debug\raven_scriptor.obj
d:\documents\canada\cours\ia\travaux\ravenproject\sources\debug\raven_scriptor.asm
d:\documents\canada\cours\ia\travaux\ravenproject\sources\debug\entitymanager.obj
d:\documents\canada\cours\ia\travaux\ravenproject\sources\debug\entitymanager.asm
d:\documents\canada\cours\ia\travaux\ravenproject\sources\debug\gravemarkers.obj
d:\documents\canada\cours\ia\travaux\ravenproject\sources\debug\gravemarkers.asm
d:\documents\canada\cours\ia\travaux\ravenproject\sources\debug\raven_door.obj
d:\documents\canada\cours\ia\travaux\ravenproject\sources\debug\raven_door.asm
d:\documents\canada\cours\ia\travaux\ravenproject\sources\debug\raven_useroptions.obj
d:\documents\canada\cours\ia\travaux\ravenproject\sources\debug\raven_useroptions.asm
d:\documents\canada\cours\ia\travaux\ravenproject\sources\debug\raven_goal_types.obj
d:\documents\canada\cours\ia\travaux\ravenproject\sources\debug\raven_goal_types.asm
d:\documents\canada\cours\ia\travaux\ravenproject\sources\debug\goal_adjustrange.obj
d:\documents\canada\cours\ia\travaux\ravenproject\sources\debug\goal_adjustrange.asm
d:\documents\canada\cours\ia\travaux\ravenproject\sources\debug\goal_attacktarget.obj
d:\documents\canada\cours\ia\travaux\ravenproject\sources\debug\goal_attacktarget.asm
d:\documents\canada\cours\ia\travaux\ravenproject\sources\debug\raven_game.sbr
d:\documents\canada\cours\ia\travaux\ravenproject\sources\debug\raven_bot.sbr
d:\documents\canada\cours\ia\travaux\ravenproject\sources\debug\raven_bot.obj
d:\documents\canada\cours\ia\travaux\ravenproject\sources\debug\raven_bot.asm
d:\documents\canada\cours\ia\travaux\ravenproject\sources\debug\raven_game.obj
d:\documents\canada\cours\ia\travaux\ravenproject\sources\debug\raven_game.asm
e:\uqac\ia\ravenproject\sources\debug\vc141.pdb
e:\uqac\ia\ravenproject\sources\debug\vc141.idb
e:\uqac\ia\ravenproject\sources\debug\trigger_weapongiver.sbr
e:\uqac\ia\ravenproject\sources\debug\trigger_soundnotify.sbr
e:\uqac\ia\ravenproject\sources\debug\trigger_healthgiver.sbr
e:\uqac\ia\ravenproject\sources\debug\raven_pathplanner.sbr
e:\uqac\ia\ravenproject\sources\debug\main.sbr
e:\uqac\ia\ravenproject\sources\debug\raven_scriptor.sbr
e:\uqac\ia\ravenproject\sources\debug\raven_goal_types.sbr
e:\uqac\ia\ravenproject\sources\debug\raven_feature.sbr
e:\uqac\ia\ravenproject\sources\debug\goal_wander.sbr
e:\uqac\ia\ravenproject\sources\debug\goal_traverseedge.sbr
e:\uqac\ia\ravenproject\sources\debug\goal_think.sbr
e:\uqac\ia\ravenproject\sources\debug\goal_seektoposition.sbr
e:\uqac\ia\ravenproject\sources\debug\goal_sayphrase.sbr
e:\uqac\ia\ravenproject\sources\debug\goal_negotiatedoor.sbr
e:\uqac\ia\ravenproject\sources\debug\goal_movetoposition.sbr
e:\uqac\ia\ravenproject\sources\debug\goal_hunttarget.sbr
e:\uqac\ia\ravenproject\sources\debug\goal_getitem.sbr
e:\uqac\ia\ravenproject\sources\debug\goal_followpath.sbr
e:\uqac\ia\ravenproject\sources\debug\goal_explore.sbr
e:\uqac\ia\ravenproject\sources\debug\goal_dodgesidetoside.sbr
e:\uqac\ia\ravenproject\sources\debug\goal_dodgesidetoside.obj
e:\uqac\ia\ravenproject\sources\debug\goal_dodgesidetoside.asm
e:\uqac\ia\ravenproject\sources\debug\goal_explore.obj
e:\uqac\ia\ravenproject\sources\debug\goal_explore.asm
e:\uqac\ia\ravenproject\sources\debug\goal_followpath.obj
e:\uqac\ia\ravenproject\sources\debug\goal_followpath.asm
e:\uqac\ia\ravenproject\sources\debug\goal_getitem.obj
e:\uqac\ia\ravenproject\sources\debug\goal_getitem.asm
e:\uqac\ia\ravenproject\sources\debug\goal_hunttarget.obj
e:\uqac\ia\ravenproject\sources\debug\goal_hunttarget.asm
e:\uqac\ia\ravenproject\sources\debug\goal_movetoposition.obj
e:\uqac\ia\ravenproject\sources\debug\goal_movetoposition.asm
e:\uqac\ia\ravenproject\sources\debug\goal_negotiatedoor.obj
e:\uqac\ia\ravenproject\sources\debug\goal_negotiatedoor.asm
e:\uqac\ia\ravenproject\sources\debug\goal_sayphrase.obj
e:\uqac\ia\ravenproject\sources\debug\goal_sayphrase.asm
e:\uqac\ia\ravenproject\sources\debug\goal_seektoposition.obj
e:\uqac\ia\ravenproject\sources\debug\goal_seektoposition.asm
e:\uqac\ia\ravenproject\sources\debug\goal_think.obj
e:\uqac\ia\ravenproject\sources\debug\goal_think.asm
e:\uqac\ia\ravenproject\sources\debug\goal_traverseedge.obj
e:\uqac\ia\ravenproject\sources\debug\goal_traverseedge.asm
e:\uqac\ia\ravenproject\sources\debug\goal_wander.obj
e:\uqac\ia\ravenproject\sources\debug\goal_wander.asm
e:\uqac\ia\ravenproject\sources\debug\raven_feature.obj
e:\uqac\ia\ravenproject\sources\debug\raven_feature.asm
e:\uqac\ia\ravenproject\sources\debug\raven_goal_types.obj
e:\uqac\ia\ravenproject\sources\debug\raven_goal_types.asm
e:\uqac\ia\ravenproject\sources\debug\raven_scriptor.obj
e:\uqac\ia\ravenproject\sources\debug\raven_scriptor.asm
e:\uqac\ia\ravenproject\sources\debug\main.obj
e:\uqac\ia\ravenproject\sources\debug\main.asm
e:\uqac\ia\ravenproject\sources\debug\raven_pathplanner.obj
e:\uqac\ia\ravenproject\sources\debug\raven_pathplanner.asm
e:\uqac\ia\ravenproject\sources\debug\trigger_healthgiver.obj
e:\uqac\ia\ravenproject\sources\debug\trigger_healthgiver.asm
e:\uqac\ia\ravenproject\sources\debug\trigger_soundnotify.obj
e:\uqac\ia\ravenproject\sources\debug\trigger_soundnotify.asm
e:\uqac\ia\ravenproject\sources\debug\goal_attacktarget.sbr
e:\uqac\ia\ravenproject\sources\debug\goal_adjustrange.sbr
e:\uqac\ia\ravenproject\sources\debug\getweapongoal_evaluator.sbr
e:\uqac\ia\ravenproject\sources\debug\gethealthgoal_evaluator.sbr
e:\uqac\ia\ravenproject\sources\debug\exploregoal_evaluator.sbr
e:\uqac\ia\ravenproject\sources\debug\attacktargetgoal_evaluator.sbr
e:\uqac\ia\ravenproject\sources\debug\weapon_shotgun.sbr
e:\uqac\ia\ravenproject\sources\debug\weapon_rocketlauncher.sbr
e:\uqac\ia\ravenproject\sources\debug\weapon_railgun.sbr
e:\uqac\ia\ravenproject\sources\debug\weapon_blaster.sbr
e:\uqac\ia\ravenproject\sources\debug\raven_weapon.sbr
e:\uqac\ia\ravenproject\sources\debug\raven_projectile.sbr
e:\uqac\ia\ravenproject\sources\debug\projectile_slug.sbr
e:\uqac\ia\ravenproject\sources\debug\projectile_rocket.sbr
e:\uqac\ia\ravenproject\sources\debug\projectile_pellet.sbr
e:\uqac\ia\ravenproject\sources\debug\projectile_bolt.sbr
e:\uqac\ia\ravenproject\sources\debug\raven_weaponsystem.sbr
e:\uqac\ia\ravenproject\sources\debug\raven_useroptions.sbr
e:\uqac\ia\ravenproject\sources\debug\raven_targetingsystem.sbr
e:\uqac\ia\ravenproject\sources\debug\raven_steeringbehaviors.sbr
e:\uqac\ia\ravenproject\sources\debug\raven_steeringbehaviors.obj
e:\uqac\ia\ravenproject\sources\debug\raven_steeringbehaviors.asm
e:\uqac\ia\ravenproject\sources\debug\raven_targetingsystem.obj
e:\uqac\ia\ravenproject\sources\debug\raven_targetingsystem.asm
e:\uqac\ia\ravenproject\sources\debug\raven_useroptions.obj
e:\uqac\ia\ravenproject\sources\debug\raven_useroptions.asm
e:\uqac\ia\ravenproject\sources\debug\projectile_bolt.obj
e:\uqac\ia\ravenproject\sources\debug\projectile_bolt.asm
e:\uqac\ia\ravenproject\sources\debug\projectile_pellet.obj
e:\uqac\ia\ravenproject\sources\debug\projectile_pellet.asm
e:\uqac\ia\ravenproject\sources\debug\projectile_rocket.obj
e:\uqac\ia\ravenproject\sources\debug\projectile_rocket.asm
e:\uqac\ia\ravenproject\sources\debug\projectile_slug.obj
e:\uqac\ia\ravenproject\sources\debug\projectile_slug.asm
e:\uqac\ia\ravenproject\sources\debug\raven_projectile.obj
e:\uqac\ia\ravenproject\sources\debug\raven_projectile.asm
e:\uqac\ia\ravenproject\sources\debug\raven_weapon.obj
e:\uqac\ia\ravenproject\sources\debug\raven_weapon.asm
e:\uqac\ia\ravenproject\sources\debug\weapon_blaster.obj
e:\uqac\ia\ravenproject\sources\debug\weapon_blaster.asm
e:\uqac\ia\ravenproject\sources\debug\weapon_railgun.obj
e:\uqac\ia\ravenproject\sources\debug\weapon_railgun.asm
e:\uqac\ia\ravenproject\sources\debug\weapon_rocketlauncher.obj
e:\uqac\ia\ravenproject\sources\debug\weapon_rocketlauncher.asm
e:\uqac\ia\ravenproject\sources\debug\weapon_shotgun.obj
e:\uqac\ia\ravenproject\sources\debug\weapon_shotgun.asm
e:\uqac\ia\ravenproject\sources\debug\exploregoal_evaluator.obj
e:\uqac\ia\ravenproject\sources\debug\exploregoal_evaluator.asm
e:\uqac\ia\ravenproject\sources\debug\gethealthgoal_evaluator.obj
e:\uqac\ia\ravenproject\sources\debug\gethealthgoal_evaluator.asm
e:\uqac\ia\ravenproject\sources\debug\getweapongoal_evaluator.obj
e:\uqac\ia\ravenproject\sources\debug\getweapongoal_evaluator.asm
e:\uqac\ia\ravenproject\sources\debug\goal_adjustrange.obj
e:\uqac\ia\ravenproject\sources\debug\goal_adjustrange.asm
e:\uqac\ia\ravenproject\sources\debug\goal_attacktarget.obj
e:\uqac\ia\ravenproject\sources\debug\goal_attacktarget.asm
e:\uqac\ia\ravenproject\sources\debug\raven_sensorymemory.sbr
e:\uqac\ia\ravenproject\sources\debug\raven_map.sbr
e:\uqac\ia\ravenproject\sources\debug\raven_game.sbr
e:\uqac\ia\ravenproject\sources\debug\raven_door.sbr
e:\uqac\ia\ravenproject\sources\debug\raven_bot.sbr
e:\uqac\ia\ravenproject\sources\debug\gravemarkers.sbr
e:\uqac\ia\ravenproject\sources\debug\windowutils.sbr
e:\uqac\ia\ravenproject\sources\debug\framecounter.sbr
e:\uqac\ia\ravenproject\sources\debug\cgdi.sbr
e:\uqac\ia\ravenproject\sources\debug\fuzzyvariable.sbr
e:\uqac\ia\ravenproject\sources\debug\fuzzyset_triangle.sbr
e:\uqac\ia\ravenproject\sources\debug\fuzzyset_singleton.sbr
e:\uqac\ia\ravenproject\sources\debug\fuzzyset_rightshoulder.sbr
e:\uqac\ia\ravenproject\sources\debug\fuzzyset_leftshoulder.sbr
e:\uqac\ia\ravenproject\sources\debug\fuzzyoperators.sbr
e:\uqac\ia\ravenproject\sources\debug\fuzzymodule.sbr
e:\uqac\ia\ravenproject\sources\debug\precisiontimer.sbr
e:\uqac\ia\ravenproject\sources\debug\crudetimer.sbr
e:\uqac\ia\ravenproject\sources\debug\messagedispatcher.sbr
e:\uqac\ia\ravenproject\sources\debug\entitymanager.sbr
e:\uqac\ia\ravenproject\sources\debug\entitymanager.obj
e:\uqac\ia\ravenproject\sources\debug\entitymanager.asm
e:\uqac\ia\ravenproject\sources\debug\messagedispatcher.obj
e:\uqac\ia\ravenproject\sources\debug\messagedispatcher.asm
e:\uqac\ia\ravenproject\sources\debug\crudetimer.obj
e:\uqac\ia\ravenproject\sources\debug\crudetimer.asm
e:\uqac\ia\ravenproject\sources\debug\precisiontimer.obj
e:\uqac\ia\ravenproject\sources\debug\precisiontimer.asm
e:\uqac\ia\ravenproject\sources\debug\fuzzymodule.obj
e:\uqac\ia\ravenproject\sources\debug\fuzzymodule.asm
e:\uqac\ia\ravenproject\sources\debug\fuzzyoperators.obj
e:\uqac\ia\ravenproject\sources\debug\fuzzyoperators.asm
e:\uqac\ia\ravenproject\sources\debug\fuzzyset_leftshoulder.obj
e:\uqac\ia\ravenproject\sources\debug\fuzzyset_leftshoulder.asm
e:\uqac\ia\ravenproject\sources\debug\fuzzyset_rightshoulder.obj
e:\uqac\ia\ravenproject\sources\debug\fuzzyset_rightshoulder.asm
e:\uqac\ia\ravenproject\sources\debug\fuzzyset_singleton.obj
e:\uqac\ia\ravenproject\sources\debug\fuzzyset_singleton.asm
e:\uqac\ia\ravenproject\sources\debug\fuzzyset_triangle.obj
e:\uqac\ia\ravenproject\sources\debug\fuzzyset_triangle.asm
e:\uqac\ia\ravenproject\sources\debug\fuzzyvariable.obj
e:\uqac\ia\ravenproject\sources\debug\fuzzyvariable.asm
e:\uqac\ia\ravenproject\sources\debug\cgdi.obj
e:\uqac\ia\ravenproject\sources\debug\cgdi.asm
e:\uqac\ia\ravenproject\sources\debug\framecounter.obj
e:\uqac\ia\ravenproject\sources\debug\framecounter.asm
e:\uqac\ia\ravenproject\sources\debug\windowutils.obj
e:\uqac\ia\ravenproject\sources\debug\windowutils.asm
e:\uqac\ia\ravenproject\sources\debug\gravemarkers.obj
e:\uqac\ia\ravenproject\sources\debug\gravemarkers.asm
e:\uqac\ia\ravenproject\sources\debug\raven_door.obj
e:\uqac\ia\ravenproject\sources\debug\raven_door.asm
e:\uqac\ia\ravenproject\sources\debug\raven_map.obj
e:\uqac\ia\ravenproject\sources\debug\raven_map.asm
e:\uqac\ia\ravenproject\sources\debug\raven_sensorymemory.obj
e:\uqac\ia\ravenproject\sources\debug\raven_sensorymemory.asm
e:\uqac\ia\ravenproject\sources\debug\basegameentity.sbr
e:\uqac\ia\ravenproject\sources\debug\debugconsole.sbr
e:\uqac\ia\ravenproject\sources\debug\vector2d.sbr
e:\uqac\ia\ravenproject\sources\debug\vector2d.obj
e:\uqac\ia\ravenproject\sources\debug\vector2d.asm
e:\uqac\ia\ravenproject\sources\debug\debugconsole.obj
e:\uqac\ia\ravenproject\sources\debug\debugconsole.asm
e:\uqac\ia\ravenproject\sources\debug\basegameentity.obj
e:\uqac\ia\ravenproject\sources\debug\basegameentity.asm
d:\documents\canada\cours\ia\travaux\ravenproject\sources\debug\raven.exe
d:\documents\canada\cours\ia\travaux\ravenproject\sources\debug\raven.ilk
d:\documents\canada\cours\ia\travaux\ravenproject\sources\debug\raven.pdb
e:\uqac\ia\ravenproject\sources\debug\raven.ilk
e:\uqac\ia\ravenproject\sources\debug\script1.res
e:\uqac\ia\ravenproject\sources\debug\raven.pdb
e:\uqac\ia\ravenproject\sources\debug\raven.bsc
e:\uqac\ia\ravenproject\sources\.\debug\raven.exe
e:\uqac\ia\ravenproject\sources\debug\raven.tlog\bscmake.write.1.tlog
e:\uqac\ia\ravenproject\sources\debug\raven.tlog\cl.read.1.tlog
e:\uqac\ia\ravenproject\sources\debug\raven.tlog\rc.write.1.tlog
e:\uqac\ia\ravenproject\sources\debug\raven.tlog\cl.write.1.tlog
e:\uqac\ia\ravenproject\sources\debug\raven.tlog\bscmake.read.1.tlog
e:\uqac\ia\ravenproject\sources\debug\raven.tlog\link.read.1.tlog
e:\uqac\ia\ravenproject\sources\debug\raven.tlog\link.write.1.tlog
e:\uqac\ia\ravenproject\sources\debug\raven.tlog\rc.read.1.tlog
e:\uqac\ia\ravenproject\sources\debug\raven.tlog\cl.command.1.tlog
e:\uqac\ia\ravenproject\sources\debug\raven.tlog\bscmake.command.1.tlog
e:\uqac\ia\ravenproject\sources\debug\raven.tlog\link.command.1.tlog
e:\uqac\ia\ravenproject\sources\debug\raven.tlog\rc.command.1.tlog
